<?xml version="1.0" encoding="UTF-8"?>
<testng-results ignored="0" total="2" passed="2" failed="0" skipped="0">
  <reporter-output>
  </reporter-output>
  <suite started-at="2025-02-27T11:48:57 EST" name="All Test Suite" finished-at="2025-02-27T11:49:27 EST" duration-ms="29898">
    <groups>
    </groups>
    <test started-at="2025-02-27T11:48:57 EST" name="C:/Users/rumam/IdeaProjects/NewProject_Demo/src/test/java/resources" finished-at="2025-02-27T11:49:27 EST" duration-ms="29898">
      <class name="tests.LoginToAccountTest">
        <test-method is-config="true" signature="launchApplication1()[pri:0, instance:tests.LoginToAccountTest@1bb564e2]" started-at="2025-02-27T11:48:57 EST" name="launchApplication1" finished-at="2025-02-27T11:49:01 EST" duration-ms="3852" status="PASS">
          <reporter-output>
          </reporter-output>
        </test-method> <!-- launchApplication1 -->
        <test-method signature="verifyLoginTest()[pri:0, instance:tests.LoginToAccountTest@1bb564e2]" started-at="2025-02-27T11:49:01 EST" name="verifyLoginTest" finished-at="2025-02-27T11:49:13 EST" duration-ms="11746" status="PASS">
          <reporter-output>
          </reporter-output>
        </test-method> <!-- verifyLoginTest -->
        <test-method is-config="true" signature="driverClose()[pri:0, instance:tests.LoginToAccountTest@1bb564e2]" started-at="2025-02-27T11:49:13 EST" name="driverClose" finished-at="2025-02-27T11:49:13 EST" duration-ms="274" status="PASS">
          <reporter-output>
          </reporter-output>
        </test-method> <!-- driverClose -->
        <test-method is-config="true" signature="launchApplication1()[pri:0, instance:tests.LoginToAccountTest@1bb564e2]" started-at="2025-02-27T11:49:13 EST" name="launchApplication1" finished-at="2025-02-27T11:49:16 EST" duration-ms="3033" status="PASS">
          <reporter-output>
          </reporter-output>
        </test-method> <!-- launchApplication1 -->
        <test-method signature="verifyLoginTest1()[pri:0, instance:tests.LoginToAccountTest@1bb564e2]" started-at="2025-02-27T11:49:16 EST" name="verifyLoginTest1" finished-at="2025-02-27T11:49:27 EST" duration-ms="10738" status="PASS">
          <reporter-output>
          </reporter-output>
        </test-method> <!-- verifyLoginTest1 -->
        <test-method is-config="true" signature="driverClose()[pri:0, instance:tests.LoginToAccountTest@1bb564e2]" started-at="2025-02-27T11:49:27 EST" name="driverClose" finished-at="2025-02-27T11:49:27 EST" duration-ms="207" status="PASS">
          <reporter-output>
          </reporter-output>
        </test-method> <!-- driverClose -->
      </class> <!-- tests.LoginToAccountTest -->
    </test> <!-- C:/Users/rumam/IdeaProjects/NewProject_Demo/src/test/java/resources -->
  </suite> <!-- All Test Suite -->
</testng-results>
