<?xml version="1.0" encoding="UTF-8"?>
<testng-results ignored="0" total="2" passed="2" failed="0" skipped="0">
  <reporter-output>
  </reporter-output>
  <suite started-at="2025-02-27T11:43:05 EST" name="All Test Suite" finished-at="2025-02-27T11:43:37 EST" duration-ms="31228">
    <groups>
    </groups>
    <test started-at="2025-02-27T11:43:05 EST" name="C:/Users/rumam/IdeaProjects/NewProject_Demo/src/test/java/resources" finished-at="2025-02-27T11:43:37 EST" duration-ms="31228">
      <class name="tests.LoginToAccountTest">
        <test-method is-config="true" signature="launchApplication1()[pri:0, instance:tests.LoginToAccountTest@1bb564e2]" started-at="2025-02-27T11:43:05 EST" name="launchApplication1" finished-at="2025-02-27T11:43:10 EST" duration-ms="4720" status="PASS">
          <reporter-output>
          </reporter-output>
        </test-method> <!-- launchApplication1 -->
        <test-method signature="verifyLoginTest()[pri:0, instance:tests.LoginToAccountTest@1bb564e2]" started-at="2025-02-27T11:43:10 EST" name="verifyLoginTest" finished-at="2025-02-27T11:43:22 EST" duration-ms="12049" status="PASS">
          <reporter-output>
          </reporter-output>
        </test-method> <!-- verifyLoginTest -->
        <test-method is-config="true" signature="driverClose()[pri:0, instance:tests.LoginToAccountTest@1bb564e2]" started-at="2025-02-27T11:43:22 EST" name="driverClose" finished-at="2025-02-27T11:43:23 EST" duration-ms="286" status="PASS">
          <reporter-output>
          </reporter-output>
        </test-method> <!-- driverClose -->
        <test-method is-config="true" signature="launchApplication1()[pri:0, instance:tests.LoginToAccountTest@1bb564e2]" started-at="2025-02-27T11:43:23 EST" name="launchApplication1" finished-at="2025-02-27T11:43:25 EST" duration-ms="2834" status="PASS">
          <reporter-output>
          </reporter-output>
        </test-method> <!-- launchApplication1 -->
        <test-method signature="verifyLoginTest1()[pri:0, instance:tests.LoginToAccountTest@1bb564e2]" started-at="2025-02-27T11:43:25 EST" name="verifyLoginTest1" finished-at="2025-02-27T11:43:36 EST" duration-ms="11037" status="PASS">
          <reporter-output>
          </reporter-output>
        </test-method> <!-- verifyLoginTest1 -->
        <test-method is-config="true" signature="driverClose()[pri:0, instance:tests.LoginToAccountTest@1bb564e2]" started-at="2025-02-27T11:43:36 EST" name="driverClose" finished-at="2025-02-27T11:43:37 EST" duration-ms="239" status="PASS">
          <reporter-output>
          </reporter-output>
        </test-method> <!-- driverClose -->
      </class> <!-- tests.LoginToAccountTest -->
    </test> <!-- C:/Users/rumam/IdeaProjects/NewProject_Demo/src/test/java/resources -->
  </suite> <!-- All Test Suite -->
</testng-results>
